2
2
3
2
12
6
11
1
9
11
3
2
4
3
6
12
1
1
1
3
12
11
4
5
3
12
11
1
1
7
11
11
3
8
10
1
7
1
10
3
11
2
3
2
5
11
4
7
7
1
10
11
11
2
9
1
10
9
9
12
10
12
1
12
6
2
11
12
5
10
5
4
11
1
1
10
12
2
11
10
5
1
10
6
3
8
4
11
4
11
11
2
10
5
12
12
8
8
6
9
10
6
10
6
2
10
7
10
3
5
2
10
2
4
6
11
12
7
12
5
9
7
10
1
12
7
4
2
2
1
4
5
10
6
2
6
8
8
10
5
2
11
1
10
6
10
5
7
1
11
2
1
11
7
7
5
5
11
12
1
5
5
8
3
5
11
9
3
10
12
10
4
3
12
2
10
6
3
12
12
3
12
12
12
6
8
1
11
1
8
11
11
8
12
7
12
12
11
9
11
6
5
1
11
6
10
11
4
7
1
5
1
11
6
1
5
4
12
3
1
10
12
10
12
11
1
4
5
11
3
9
11
9
2
11
9
9
8
11
4
6
6
4
1
7
10
11
12
6
2
2
12
12
4
9
1
9
7
5
11
10
10
1
12
11
11
11
12
6
8
12
10
12
10
6
3
9
11
11
10
11
12
8
2
4
1
2
11
3
4
11
11
10
7
2
6
1
6
4
9
7
12
6
12
4
12
9
1
3
11
8
10
12
11
1
12
6
4
1
12
12
5
9
8
1
6
6
6
10
1
6
8
1
10
1
12
9
6
6
5
3
1
12
1
10
8
10
1
10
12
1
3
11
11
1
12
4
1
6
10
10
8
6
11
12
2
2
2
5
11
12
6
10
3
10
2
8
12
12
9
10
1
12
11
3
5
5
10
12
6
12
1
4
1
11
2
3
5
12
11
2
11
6
3
4
5
2
10
10
5
4
3
12
6
2
9
8
6
6
10
10
3
9
12
11
6
3
6
9
9
11
11
12
7
4
2
1
7
3
12
12
3
7
12
9
10
12
12
8
11
7
9
10
4
10
7
10
12
3
6
3
9
10
3
4
10
2
11
11
1
5
8
7
5
3
6
8
5
10
10
12
11
11
8
6
2
10
5
12
11
3
8
3
12
12
9
10
3
10
3
1
11
8
8
4
9
11
10
1
6
8
11
10
7
12
1
2
1
11
10
3
7
10
10
7
9
11
10
